<?xml version="1.0" encoding="UTF-8"?>
<!-- Generated by org.testng.reporters.JUnitXMLReporter -->
<testsuite hostname="WINDOWS-KEN7H9H" ignored="0" name="Checking Windows IE" tests="1" failures="1" timestamp="13 Jan 2019 19:39:22 GMT" time="92.2" errors="0">
  <testcase name="user_should_be_on_checking_page" time="46.143" classname="tests.CheckingRelatedTest">
    <failure type="org.openqa.selenium.TimeoutException" message="Expected condition failed: waiting for visibility of [[RemoteWebDriver: internet explorer on WINDOWS (5dcfe646-a3a0-4c5f-b154-d93e226eba73)] -&amp;gt; xpath: //a[text()=&amp;apos;Find the Right Checking Account&amp;apos;]] (tried for 20 second(s) with 500 milliseconds interval)
Build info: version: &amp;apos;3.12.0&amp;apos;, revision: &amp;apos;7c6e0b3&amp;apos;, time: &amp;apos;2018-05-08T14:04:26.12Z&amp;apos;
System info: host: &amp;apos;WINDOWS-KEN7H9H&amp;apos;, ip: &amp;apos;192.168.0.15&amp;apos;, os.name: &amp;apos;Windows 10&amp;apos;, os.arch: &amp;apos;amd64&amp;apos;, os.version: &amp;apos;10.0&amp;apos;, java.version: &amp;apos;1.8.0_161&amp;apos;
Driver info: org.openqa.selenium.remote.RemoteWebDriver
Capabilities {acceptInsecureCerts: false, browserName: internet explorer, browserVersion: 11, javascriptEnabled: true, pageLoadStrategy: normal, platform: WINDOWS, platformName: WINDOWS, proxy: Proxy(), reportUrl: https://sales.experitest.co..., se:ieOptions: {browserAttachTimeout: 0.0, elementScrollBehavior: 0.0, enablePersistentHover: true, ie.browserCommandLineSwitches: , ie.ensureCleanSession: false, ie.fileUploadDialogTimeout: 3000.0, ie.forceCreateProcessApi: false, ignoreProtectedModeSettings: false, ignoreZoomSetting: false, initialBrowserUrl: http://localhost:38409/, nativeEvents: true, requireWindowFocus: false}, sessionId: 5dcfe646-a3a0-4c5f-b154-d93..., setWindowRect: true, timeouts: {implicit: 0.0, pageLoad: 300000.0, script: 30000.0}, unhandledPromptBehavior: dismiss}
Session ID: 5dcfe646-a3a0-4c5f-b154-d93e226eba73">
      <![CDATA[org.openqa.selenium.TimeoutException: Expected condition failed: waiting for visibility of [[RemoteWebDriver: internet explorer on WINDOWS (5dcfe646-a3a0-4c5f-b154-d93e226eba73)] -> xpath: //a[text()='Find the Right Checking Account']] (tried for 20 second(s) with 500 milliseconds interval)
Build info: version: '3.12.0', revision: '7c6e0b3', time: '2018-05-08T14:04:26.12Z'
System info: host: 'WINDOWS-KEN7H9H', ip: '192.168.0.15', os.name: 'Windows 10', os.arch: 'amd64', os.version: '10.0', java.version: '1.8.0_161'
Driver info: org.openqa.selenium.remote.RemoteWebDriver
Capabilities {acceptInsecureCerts: false, browserName: internet explorer, browserVersion: 11, javascriptEnabled: true, pageLoadStrategy: normal, platform: WINDOWS, platformName: WINDOWS, proxy: Proxy(), reportUrl: https://sales.experitest.co..., se:ieOptions: {browserAttachTimeout: 0.0, elementScrollBehavior: 0.0, enablePersistentHover: true, ie.browserCommandLineSwitches: , ie.ensureCleanSession: false, ie.fileUploadDialogTimeout: 3000.0, ie.forceCreateProcessApi: false, ignoreProtectedModeSettings: false, ignoreZoomSetting: false, initialBrowserUrl: http://localhost:38409/, nativeEvents: true, requireWindowFocus: false}, sessionId: 5dcfe646-a3a0-4c5f-b154-d93..., setWindowRect: true, timeouts: {implicit: 0.0, pageLoad: 300000.0, script: 30000.0}, unhandledPromptBehavior: dismiss}
Session ID: 5dcfe646-a3a0-4c5f-b154-d93e226eba73
at org.openqa.selenium.support.ui.WebDriverWait.timeoutException(WebDriverWait.java:81)
at org.openqa.selenium.support.ui.FluentWait.until(FluentWait.java:271)
at pages.banking.CheckingMainPage.verify_user_is_on_main_personal_checking_accounts_page(CheckingMainPage.java:24)
at tests.CheckingRelatedTest.user_should_be_on_checking_page(CheckingRelatedTest.java:32)
at java.util.concurrent.FutureTask.run(FutureTask.java:266)
at java.util.concurrent.ThreadPoolExecutor.runWorker(ThreadPoolExecutor.java:1149)
at java.util.concurrent.ThreadPoolExecutor$Worker.run(ThreadPoolExecutor.java:624)
at java.lang.Thread.run(Thread.java:748)
... Removed 16 stack frames]]>
    </failure>
  </testcase> <!-- user_should_be_on_checking_page -->
</testsuite> <!-- Checking Windows IE -->
